[11:18:03 UTC] === Starting batch publish v2: 57 crates ===
[11:18:03 UTC] Already published: hiver-runtime hiver-ai hiver-aop hiver-cli hiver-events-macros
[11:18:03 UTC] PUBLISHING: hiver-flyway
[11:18:05 UTC] Already on crates.io: hiver-flyway
[11:18:05 UTC] Waiting 660s before next crate...
[11:29:05 UTC] PUBLISHING: hiver-grpc
[11:29:07 UTC] Already on crates.io: hiver-grpc
[11:29:07 UTC] Waiting 660s before next crate...
[11:40:07 UTC] PUBLISHING: hiver-lombok
[11:40:08 UTC] Already on crates.io: hiver-lombok
[11:40:08 UTC] Waiting 660s before next crate...
[11:51:08 UTC] PUBLISHING: hiver-retry-macros
[11:51:13 UTC] SUCCESS: hiver-retry-macros
[11:51:13 UTC] Waiting 660s before next crate...
[12:02:14 UTC] PUBLISHING: hiver-shell-macros
[12:02:19 UTC] SUCCESS: hiver-shell-macros
[12:02:19 UTC] Waiting 660s before next crate...
[12:13:19 UTC] PUBLISHING: hiver-spel
[12:13:24 UTC] SUCCESS: hiver-spel
[12:13:24 UTC] Waiting 660s before next crate...
[12:24:24 UTC] PUBLISHING: hiver-validation-annotations
[12:24:32 UTC] SUCCESS: hiver-validation-annotations
[12:24:32 UTC] Waiting 660s before next crate...
[12:35:32 UTC] PUBLISHING: hiver-ws
[12:35:38 UTC] SUCCESS: hiver-ws
[12:35:38 UTC] Waiting 660s before next crate...
[12:46:38 UTC] PUBLISHING: hiver-agent
[12:46:48 UTC] SUCCESS: hiver-agent
[12:46:48 UTC] Waiting 660s before next crate...
[12:57:48 UTC] PUBLISHING: hiver-amqp
[12:58:07 UTC] SUCCESS: hiver-amqp
[12:58:08 UTC] Waiting 660s before next crate...
[13:09:08 UTC] PUBLISHING: hiver-config
[13:09:23 UTC] SUCCESS: hiver-config
[13:09:23 UTC] Waiting 660s before next crate...
[13:20:23 UTC] PUBLISHING: hiver-core
[13:20:36 UTC] SUCCESS: hiver-core
[13:20:36 UTC] Waiting 660s before next crate...
[13:31:36 UTC] PUBLISHING: hiver-data-commons
[13:31:45 UTC] SUCCESS: hiver-data-commons
[13:31:45 UTC] Waiting 660s before next crate...
[13:42:45 UTC] PUBLISHING: hiver-kafka
[13:43:03 UTC] SUCCESS: hiver-kafka
[13:43:03 UTC] Waiting 660s before next crate...
[13:54:03 UTC] PUBLISHING: hiver-modulith
[13:54:12 UTC] SUCCESS: hiver-modulith
[13:54:12 UTC] Waiting 660s before next crate...
[14:05:12 UTC] PUBLISHING: hiver-web3
[14:05:41 UTC] SUCCESS: hiver-web3
[14:05:41 UTC] Waiting 660s before next crate...
[14:16:41 UTC] PUBLISHING: hiver-async
[14:16:55 UTC] SUCCESS: hiver-async
[14:16:55 UTC] Waiting 660s before next crate...
[14:27:56 UTC] PUBLISHING: hiver-batch
[14:28:11 UTC] SUCCESS: hiver-batch
[14:28:11 UTC] Waiting 660s before next crate...
[14:39:11 UTC] SKIP (already published): hiver-events
[14:39:11 UTC] PUBLISHING: hiver-http
[14:39:26 UTC] SUCCESS: hiver-http
[14:39:26 UTC] Waiting 660s before next crate...
[14:50:26 UTC] PUBLISHING: hiver-i18n
[14:50:38 UTC] SUCCESS: hiver-i18n
[14:50:38 UTC] Waiting 660s before next crate...
[15:01:38 UTC] PUBLISHING: hiver-integration
[15:01:55 UTC] SUCCESS: hiver-integration
[15:01:55 UTC] Waiting 660s before next crate...
[15:12:55 UTC] PUBLISHING: hiver-ldap
[15:13:11 UTC] SUCCESS: hiver-ldap
[15:13:11 UTC] Waiting 660s before next crate...
